[2023-03-28T15:09:34.046] [INFO] info - info output
[2023-03-29T11:07:55.157] [INFO] info - ****数据库连接成功****
[2023-03-29T11:28:13.134] [INFO] info - ****数据库连接成功****
[2023-03-29T11:29:13.458] [INFO] info - info output
[2023-03-29T11:30:02.193] [INFO] info - ****数据库连接成功****
[2023-03-29T11:30:03.534] [INFO] info - ****数据库连接成功****
[2023-03-29T11:30:19.838] [INFO] info - info output
[2023-03-29T11:30:59.182] [INFO] info - info output
[2023-03-29T11:31:41.444] [INFO] info - info output
[2023-03-29T11:33:04.076] [INFO] info - ****数据库连接成功****
[2023-03-29T11:33:08.477] [INFO] info - info output
[2023-03-29T11:34:17.660] [INFO] info - info output
[2023-03-29T11:35:02.617] [INFO] info - info output
[2023-03-29T11:36:15.797] [INFO] info - info output
[2023-03-29T11:40:12.014] [INFO] info - info output
[2023-03-29T11:40:13.632] [INFO] info - info output
[2023-03-29T11:40:21.242] [INFO] info - ****数据库连接成功****
[2023-03-29T11:40:24.139] [INFO] info - info output
[2023-03-29T11:40:25.548] [INFO] info - info output
[2023-03-29T11:41:10.588] [INFO] info - info output
[2023-03-29T11:41:21.867] [INFO] info - info output
[2023-03-29T11:41:25.137] [INFO] info - info output
[2023-03-29T11:42:21.778] [INFO] info - info output
[2023-03-29T11:42:26.286] [INFO] info - info output
[2023-03-29T11:47:58.132] [INFO] info - ****数据库连接成功****
[2023-03-29T11:48:02.358] [INFO] info - info output
[2023-03-29T11:48:03.921] [INFO] info - info output
[2023-03-29T11:48:04.731] [INFO] info - info output
[2023-03-29T11:48:11.810] [INFO] info - ****数据库连接成功****
[2023-03-29T11:52:45.379] [INFO] info - ****数据库连接成功****
[2023-03-29T11:52:49.052] [INFO] info - info output
[2023-03-29T11:52:52.917] [INFO] info - ****数据库连接成功****
[2023-03-29T11:56:23.125] [INFO] info - ****数据库连接成功****
[2023-03-29T11:58:25.347] [INFO] info - ****数据库连接成功****
[2023-03-29T11:58:28.746] [INFO] info - info output
[2023-03-29T11:59:49.874] [INFO] info - info output
[2023-03-29T12:00:52.816] [INFO] info - info output
[2023-03-29T12:01:07.827] [INFO] info - info output
[2023-03-29T12:01:27.797] [INFO] info - info output
[2023-03-29T15:03:23.437] [INFO] info - ****数据库连接成功****
[2023-03-29T15:03:48.989] [INFO] info - info output
[2023-03-29T15:04:55.504] [INFO] info - ****数据库连接成功****
[2023-03-29T15:04:59.428] [INFO] info - ****数据库连接成功****
[2023-03-29T15:05:00.396] [INFO] info - ****数据库连接成功****
[2023-03-29T15:05:02.123] [INFO] info - ****数据库连接成功****
[2023-03-29T15:05:09.777] [INFO] info - ****数据库连接成功****
[2023-03-29T15:05:19.334] [INFO] info - ****数据库连接成功****
[2023-03-29T15:05:27.571] [INFO] info - ****数据库连接成功****
[2023-03-29T15:05:29.783] [INFO] info - ****数据库连接成功****
[2023-03-29T15:05:35.352] [INFO] info - ****数据库连接成功****
[2023-03-29T15:05:37.719] [INFO] info - ****数据库连接成功****
[2023-03-29T15:05:39.663] [INFO] info - ****数据库连接成功****
[2023-03-29T15:05:41.384] [INFO] info - ****数据库连接成功****
[2023-03-29T15:05:44.622] [INFO] info - ****数据库连接成功****
[2023-03-29T15:05:45.835] [INFO] info - ****数据库连接成功****
[2023-03-29T15:05:48.920] [INFO] info - ****数据库连接成功****
[2023-03-29T15:05:50.144] [INFO] info - ****数据库连接成功****
[2023-03-29T15:05:52.927] [INFO] info - ****数据库连接成功****
[2023-03-29T15:05:55.009] [INFO] info - ****数据库连接成功****
[2023-03-29T15:05:56.735] [INFO] info - ****数据库连接成功****
[2023-03-29T15:06:01.981] [INFO] info - ****数据库连接成功****
[2023-03-29T15:06:02.645] [INFO] info - ****数据库连接成功****
[2023-03-29T15:06:03.535] [INFO] info - ****数据库连接成功****
[2023-03-29T15:06:09.088] [INFO] info - ****数据库连接成功****
[2023-03-29T15:06:12.638] [INFO] info - ****数据库连接成功****
[2023-03-29T15:06:14.772] [INFO] info - ****数据库连接成功****
[2023-03-29T15:06:18.164] [INFO] info - ****数据库连接成功****
[2023-03-29T15:06:19.879] [INFO] info - ****数据库连接成功****
[2023-03-29T15:06:22.887] [INFO] info - ****数据库连接成功****
[2023-03-29T15:06:25.732] [INFO] info - ****数据库连接成功****
[2023-03-29T15:06:33.179] [INFO] info - ****数据库连接成功****
[2023-03-29T15:06:37.954] [INFO] info - ****数据库连接成功****
[2023-03-29T15:06:44.768] [INFO] info - ****数据库连接成功****
[2023-03-29T15:07:36.660] [INFO] info - get params:{}
[2023-03-29T15:07:36.661] [INFO] info - post params:{"userName":"admin","userPwd":"admin"}
[2023-03-29T21:40:58.411] [INFO] info - ****数据库连接成功****
[2023-03-29T21:41:58.524] [INFO] info - get params:{}
[2023-03-29T21:41:58.525] [INFO] info - post params:{"userName":"admin","userPwd":"admin"}
[2023-03-29T21:53:37.076] [INFO] info - get params:{}
[2023-03-29T21:53:37.077] [INFO] info - post params:{"userName":"admin","userPwd":"admin"}
[2023-03-29T21:54:12.798] [INFO] info - get params:{}
[2023-03-29T21:54:12.798] [INFO] info - post params:{"userName":"admin","userPwd":"admin"}
[2023-03-30T16:22:07.862] [INFO] info - ****数据库连接成功****
[2023-03-30T16:28:34.842] [INFO] info - get params:{}
[2023-03-30T16:28:34.842] [INFO] info - post params:{"userName":"admin","userPwd":"admin"}
[2023-03-30T16:28:47.996] [INFO] info - get params:{}
[2023-03-30T16:28:47.997] [INFO] info - post params:{"userName":"admin","userPwd":"admin"}
[2023-03-30T16:30:25.170] [INFO] info - ****数据库连接成功****
[2023-03-30T16:30:27.378] [INFO] info - ****数据库连接成功****
[2023-03-30T16:30:29.335] [INFO] info - ****数据库连接成功****
[2023-03-30T16:30:30.300] [INFO] info - ****数据库连接成功****
[2023-03-30T16:30:31.659] [INFO] info - ****数据库连接成功****
[2023-03-30T16:30:33.534] [INFO] info - ****数据库连接成功****
[2023-03-30T16:30:38.519] [INFO] info - ****数据库连接成功****
[2023-03-30T16:30:43.110] [INFO] info - ****数据库连接成功****
[2023-03-30T16:30:46.332] [INFO] info - ****数据库连接成功****
[2023-03-30T16:30:52.211] [INFO] info - ****数据库连接成功****
[2023-03-30T16:30:53.454] [INFO] info - ****数据库连接成功****
[2023-03-30T16:30:55.123] [INFO] info - ****数据库连接成功****
[2023-03-30T16:31:47.029] [INFO] info - get params:{}
[2023-03-30T16:31:47.030] [INFO] info - post params:{}
[2023-03-30T16:31:47.092] [INFO] info - get params:{}
[2023-03-30T16:31:47.095] [INFO] info - post params:{}
[2023-03-30T16:32:12.315] [INFO] info - ****数据库连接成功****
[2023-03-30T16:32:13.640] [INFO] info - ****数据库连接成功****
[2023-03-30T16:32:16.578] [INFO] info - ****数据库连接成功****
[2023-03-30T16:32:18.014] [INFO] info - ****数据库连接成功****
[2023-03-30T16:32:19.758] [INFO] info - ****数据库连接成功****
[2023-03-30T16:32:24.292] [INFO] info - ****数据库连接成功****
[2023-03-30T16:32:26.074] [INFO] info - ****数据库连接成功****
[2023-03-30T16:33:06.093] [INFO] info - get params:{}
[2023-03-30T16:33:06.094] [INFO] info - post params:{}
[2023-03-30T16:33:08.557] [INFO] info - get params:{}
[2023-03-30T16:33:08.558] [INFO] info - post params:{}
[2023-03-30T16:33:08.903] [INFO] info - get params:{}
[2023-03-30T16:33:08.904] [INFO] info - post params:{}
[2023-03-30T16:33:14.846] [INFO] info - get params:{}
[2023-03-30T16:33:14.847] [INFO] info - post params:{}
[2023-03-30T16:33:16.102] [INFO] info - get params:{}
[2023-03-30T16:33:16.102] [INFO] info - post params:{}
[2023-03-30T16:33:22.175] [INFO] info - get params:{}
[2023-03-30T16:33:22.176] [INFO] info - post params:{}
[2023-03-30T16:33:22.272] [INFO] info - get params:{}
[2023-03-30T16:33:22.273] [INFO] info - post params:{}
[2023-03-30T16:33:25.909] [INFO] info - get params:{}
[2023-03-30T16:33:25.910] [INFO] info - post params:{}
[2023-03-30T16:33:41.366] [INFO] info - get params:{}
[2023-03-30T16:33:41.367] [INFO] info - post params:{}
[2023-03-30T16:33:41.676] [INFO] info - get params:{}
[2023-03-30T16:33:41.677] [INFO] info - post params:{}
[2023-03-30T16:33:49.404] [INFO] info - get params:{}
[2023-03-30T16:33:49.405] [INFO] info - post params:{}
[2023-03-30T16:33:50.848] [INFO] info - get params:{}
[2023-03-30T16:33:50.848] [INFO] info - post params:{}
[2023-03-30T16:34:01.629] [INFO] info - get params:{}
[2023-03-30T16:34:01.630] [INFO] info - post params:{}
[2023-03-30T16:34:03.112] [INFO] info - get params:{}
[2023-03-30T16:34:03.112] [INFO] info - post params:{}
[2023-03-30T16:34:04.734] [INFO] info - get params:{}
[2023-03-30T16:34:04.734] [INFO] info - post params:{}
[2023-03-30T16:34:05.112] [INFO] info - get params:{}
[2023-03-30T16:34:05.113] [INFO] info - post params:{}
[2023-03-30T16:34:06.358] [INFO] info - get params:{}
[2023-03-30T16:34:06.359] [INFO] info - post params:{}
[2023-03-30T16:34:07.330] [INFO] info - get params:{}
[2023-03-30T16:34:07.331] [INFO] info - post params:{}
[2023-03-30T16:34:35.678] [INFO] info - get params:{}
[2023-03-30T16:34:35.678] [INFO] info - post params:{}
[2023-03-30T16:34:35.688] [INFO] info - get params:{}
[2023-03-30T16:34:35.689] [INFO] info - post params:{}
[2023-03-30T16:35:45.806] [INFO] info - ****数据库连接成功****
[2023-03-30T16:35:47.737] [INFO] info - ****数据库连接成功****
[2023-03-30T16:35:55.520] [INFO] info - ****数据库连接成功****
[2023-03-30T16:35:57.651] [INFO] info - ****数据库连接成功****
[2023-03-30T16:35:58.632] [INFO] info - ****数据库连接成功****
[2023-03-30T16:36:02.872] [INFO] info - ****数据库连接成功****
[2023-03-30T16:36:04.857] [INFO] info - ****数据库连接成功****
[2023-03-30T16:36:06.978] [INFO] info - ****数据库连接成功****
[2023-03-30T16:36:09.274] [INFO] info - ****数据库连接成功****
[2023-03-30T16:36:10.592] [INFO] info - ****数据库连接成功****
[2023-03-30T16:36:13.159] [INFO] info - ****数据库连接成功****
[2023-03-30T16:36:13.985] [INFO] info - ****数据库连接成功****
[2023-03-30T16:36:16.256] [INFO] info - ****数据库连接成功****
[2023-03-30T16:36:18.814] [INFO] info - ****数据库连接成功****
[2023-03-30T16:36:21.987] [INFO] info - ****数据库连接成功****
[2023-03-30T16:36:26.897] [INFO] info - ****数据库连接成功****
[2023-03-30T16:36:34.095] [INFO] info - ****数据库连接成功****
[2023-03-30T16:36:58.422] [INFO] info - ****数据库连接成功****
[2023-03-30T16:36:59.593] [INFO] info - ****数据库连接成功****
[2023-03-30T16:37:00.908] [INFO] info - ****数据库连接成功****
[2023-03-30T16:37:03.569] [INFO] info - ****数据库连接成功****
[2023-03-30T16:37:17.750] [INFO] info - ****数据库连接成功****
[2023-03-30T16:37:25.982] [INFO] info - ****数据库连接成功****
[2023-03-30T16:37:26.785] [INFO] info - ****数据库连接成功****
[2023-03-30T16:37:34.845] [INFO] info - ****数据库连接成功****
[2023-03-30T16:37:37.215] [INFO] info - ****数据库连接成功****
[2023-03-30T16:37:38.081] [INFO] info - ****数据库连接成功****
[2023-03-30T16:37:39.355] [INFO] info - ****数据库连接成功****
[2023-03-30T16:37:40.517] [INFO] info - ****数据库连接成功****
[2023-03-30T16:37:49.753] [INFO] info - ****数据库连接成功****
[2023-03-30T16:40:32.126] [INFO] info - get params:{}
[2023-03-30T16:40:32.127] [INFO] info - post params:{"userName":"admin","userPwd":"admin"}
[2023-03-30T16:40:32.449] [INFO] info - get params:{}
[2023-03-30T16:40:32.450] [INFO] info - post params:{}
[2023-03-30T16:40:39.058] [INFO] info - get params:{}
[2023-03-30T16:40:39.059] [INFO] info - post params:{}
[2023-03-30T16:40:39.173] [INFO] info - get params:{}
[2023-03-30T16:40:39.175] [INFO] info - post params:{}
[2023-03-30T16:40:43.377] [INFO] info - get params:{}
[2023-03-30T16:40:43.377] [INFO] info - post params:{}
[2023-03-30T16:40:45.207] [INFO] info - get params:{}
[2023-03-30T16:40:45.208] [INFO] info - post params:{}
[2023-03-30T16:44:32.272] [INFO] info - ****数据库连接成功****
[2023-03-30T16:52:16.446] [INFO] info - ****数据库连接成功****
[2023-03-30T16:53:15.123] [INFO] info - ****数据库连接成功****
[2023-03-30T16:55:48.696] [INFO] info - ****数据库连接成功****
[2023-03-30T16:59:06.447] [INFO] info - get params:{}
[2023-03-30T16:59:06.448] [INFO] info - post params:{"userName":"admin","userPwd":"admin"}
[2023-03-30T16:59:06.572] [INFO] info - get params:{}
[2023-03-30T16:59:06.572] [INFO] info - post params:{}
[2023-03-30T16:59:15.048] [INFO] info - get params:{}
[2023-03-30T16:59:15.049] [INFO] info - post params:{"userName":"admin","userPwd":"admin"}
[2023-03-30T16:59:15.316] [INFO] info - get params:{}
[2023-03-30T16:59:15.316] [INFO] info - post params:{}
[2023-03-30T17:00:31.498] [INFO] info - get params:{}
[2023-03-30T17:00:31.499] [INFO] info - post params:{"userName":"admin","userPwd":"admin"}
[2023-03-30T17:00:31.591] [INFO] info - get params:{}
[2023-03-30T17:00:31.592] [INFO] info - post params:{}
[2023-03-30T17:01:44.406] [INFO] info - get params:{}
[2023-03-30T17:01:44.407] [INFO] info - post params:{"userName":"admin","userPwd":"admin"}
[2023-03-30T17:01:44.497] [INFO] info - get params:{}
[2023-03-30T17:01:44.497] [INFO] info - post params:{}
[2023-03-30T17:06:37.909] [INFO] info - get params:{}
[2023-03-30T17:06:37.909] [INFO] info - post params:{}
[2023-03-30T17:06:50.406] [INFO] info - get params:{}
[2023-03-30T17:06:50.407] [INFO] info - post params:{"userName":"admin","userPwd":"admin"}
[2023-03-30T17:06:50.671] [INFO] info - get params:{}
[2023-03-30T17:06:50.671] [INFO] info - post params:{}
[2023-03-30T17:08:29.243] [INFO] info - ****数据库连接成功****
[2023-03-30T17:08:31.635] [INFO] info - ****数据库连接成功****
[2023-03-30T17:08:34.583] [INFO] info - ****数据库连接成功****
[2023-03-30T17:13:54.014] [INFO] info - ****数据库连接成功****
[2023-03-30T17:13:55.710] [INFO] info - ****数据库连接成功****
[2023-03-30T17:13:56.730] [INFO] info - ****数据库连接成功****
[2023-03-30T17:14:00.224] [INFO] info - ****数据库连接成功****
[2023-03-30T17:14:04.211] [INFO] info - get params:{}
[2023-03-30T17:14:04.211] [INFO] info - post params:{"userName":"admin","userPwd":"admin"}
[2023-03-30T17:14:04.953] [INFO] info - get params:{}
[2023-03-30T17:14:04.954] [INFO] info - post params:{}
[2023-03-30T17:16:33.626] [INFO] info - ****数据库连接成功****
[2023-03-30T17:16:38.487] [INFO] info - get params:{}
[2023-03-30T17:16:38.487] [INFO] info - post params:{"userName":"admin","userPwd":"admin"}
[2023-03-30T17:16:39.165] [INFO] info - get params:{}
[2023-03-30T17:16:39.166] [INFO] info - post params:{}
[2023-03-30T17:17:29.489] [INFO] info - ****数据库连接成功****
[2023-03-30T17:17:34.457] [INFO] info - get params:{}
[2023-03-30T17:17:34.457] [INFO] info - post params:{"userName":"admin","userPwd":"admin"}
[2023-03-30T17:17:35.149] [INFO] info - get params:{}
[2023-03-30T17:17:35.149] [INFO] info - post params:{}
[2023-03-30T17:17:45.621] [INFO] info - ****数据库连接成功****
[2023-03-30T17:17:48.326] [INFO] info - ****数据库连接成功****
[2023-03-30T17:17:52.825] [INFO] info - get params:{}
[2023-03-30T17:17:52.825] [INFO] info - post params:{"userName":"admin","userPwd":"admin"}
[2023-03-30T17:17:53.079] [INFO] info - get params:{}
[2023-03-30T17:17:53.079] [INFO] info - post params:{}
[2023-03-30T17:19:50.027] [INFO] info - get params:{}
[2023-03-30T17:19:50.028] [INFO] info - post params:{"userName":"admin","userPwd":"admin"}
[2023-03-30T17:19:50.799] [INFO] info - get params:{}
[2023-03-30T17:19:50.800] [INFO] info - post params:{}
[2023-03-30T17:21:42.781] [INFO] info - get params:{}
[2023-03-30T17:21:42.781] [INFO] info - post params:{"userName":"admin","userPwd":"admin"}
[2023-03-30T17:21:43.482] [INFO] info - get params:{}
[2023-03-30T17:21:43.482] [INFO] info - post params:{}
[2023-03-30T17:21:54.016] [INFO] info - ****数据库连接成功****
[2023-03-30T17:21:54.718] [INFO] info - ****数据库连接成功****
[2023-03-30T17:21:56.067] [INFO] info - ****数据库连接成功****
[2023-03-30T17:21:56.843] [INFO] info - ****数据库连接成功****
[2023-03-30T17:21:57.829] [INFO] info - ****数据库连接成功****
[2023-03-30T17:21:59.824] [INFO] info - ****数据库连接成功****
[2023-03-30T17:22:01.379] [INFO] info - ****数据库连接成功****
[2023-03-30T17:22:03.100] [INFO] info - ****数据库连接成功****
[2023-03-30T17:22:04.299] [INFO] info - ****数据库连接成功****
[2023-03-30T17:22:10.184] [INFO] info - get params:{}
[2023-03-30T17:22:10.184] [INFO] info - post params:{"userName":"admin","userPwd":"admin"}
[2023-03-30T17:22:10.437] [INFO] info - get params:{}
[2023-03-30T17:22:10.437] [INFO] info - post params:{}
[2023-03-30T17:22:29.438] [INFO] info - ****数据库连接成功****
[2023-03-30T17:22:30.771] [INFO] info - ****数据库连接成功****
[2023-03-30T17:22:34.518] [INFO] info - get params:{}
[2023-03-30T17:22:34.518] [INFO] info - post params:{"userName":"admin","userPwd":"admin"}
[2023-03-30T17:22:35.393] [INFO] info - get params:{}
[2023-03-30T17:22:35.394] [INFO] info - post params:{}
[2023-03-30T17:23:05.497] [INFO] info - get params:{}
[2023-03-30T17:23:05.498] [INFO] info - post params:{"userName":"admin","userPwd":"admin"}
[2023-03-30T17:25:32.163] [INFO] info - ****数据库连接成功****
[2023-03-30T17:25:35.909] [INFO] info - ****数据库连接成功****
[2023-03-30T17:27:10.206] [INFO] info - ****数据库连接成功****
[2023-03-30T17:27:13.040] [INFO] info - ****数据库连接成功****
[2023-03-30T17:27:14.019] [INFO] info - ****数据库连接成功****
[2023-03-30T17:27:15.946] [INFO] info - ****数据库连接成功****
[2023-03-30T17:27:17.487] [INFO] info - ****数据库连接成功****
[2023-03-30T17:27:18.870] [INFO] info - ****数据库连接成功****
[2023-03-30T17:27:22.207] [INFO] info - ****数据库连接成功****
[2023-03-30T17:27:25.016] [INFO] info - ****数据库连接成功****
[2023-03-30T17:27:26.949] [INFO] info - ****数据库连接成功****
[2023-03-30T17:27:29.071] [INFO] info - ****数据库连接成功****
[2023-03-30T17:27:31.536] [INFO] info - ****数据库连接成功****
[2023-03-30T17:27:40.303] [INFO] info - get params:{}
[2023-03-30T17:27:40.304] [INFO] info - post params:{"userName":"admin","userPwd":"admin"}
[2023-03-30T17:29:21.036] [INFO] info - get params:{}
[2023-03-30T17:29:21.037] [INFO] info - post params:{"userName":"admin","userPwd":"admin"}
[2023-03-30T17:29:39.608] [INFO] info - ****数据库连接成功****
[2023-03-30T17:29:41.823] [INFO] info - ****数据库连接成功****
[2023-03-30T17:29:45.221] [INFO] info - ****数据库连接成功****
[2023-03-30T17:29:46.456] [INFO] info - ****数据库连接成功****
[2023-03-30T17:29:49.709] [INFO] info - ****数据库连接成功****
[2023-03-30T17:29:51.343] [INFO] info - ****数据库连接成功****
[2023-03-30T17:29:56.439] [INFO] info - ****数据库连接成功****
[2023-03-30T17:29:59.328] [INFO] info - ****数据库连接成功****
[2023-03-30T17:30:22.243] [INFO] info - ****数据库连接成功****
[2023-03-30T17:30:23.901] [INFO] info - ****数据库连接成功****
[2023-03-30T17:30:25.632] [INFO] info - ****数据库连接成功****
[2023-03-30T17:31:09.292] [INFO] info - ****数据库连接成功****
[2023-03-30T17:31:11.710] [INFO] info - ****数据库连接成功****
[2023-03-30T17:31:14.386] [INFO] info - ****数据库连接成功****
[2023-03-30T17:31:21.292] [INFO] info - ****数据库连接成功****
[2023-03-30T17:31:23.041] [INFO] info - ****数据库连接成功****
[2023-03-30T17:31:23.818] [INFO] info - ****数据库连接成功****
[2023-03-30T17:31:24.766] [INFO] info - ****数据库连接成功****
[2023-03-30T17:31:26.992] [INFO] info - ****数据库连接成功****
[2023-03-31T16:38:57.838] [INFO] info - ****数据库连接成功****
[2023-03-31T16:39:55.161] [INFO] info - get params:{}
[2023-03-31T16:39:55.162] [INFO] info - post params:{"userName":"admin","userPwd":"admin"}
[2023-03-31T16:45:48.662] [INFO] info - ****数据库连接成功****
[2023-03-31T16:46:30.166] [INFO] info - get params:{}
[2023-03-31T16:46:30.167] [INFO] info - post params:{"userName":"admin","userPwd":"admin"}
[2023-03-31T16:46:42.944] [INFO] info - get params:{"state":"0","pageNum":"1","pageSize":"10","total":"10"}
[2023-03-31T16:46:42.945] [INFO] info - post params:{}
[2023-03-31T16:47:54.527] [INFO] info - ****数据库连接成功****
[2023-03-31T16:48:06.622] [INFO] info - get params:{}
[2023-03-31T16:48:06.623] [INFO] info - post params:{"userName":"admin","userPwd":"admin"}
[2023-03-31T16:48:08.995] [INFO] info - get params:{"state":"0","pageNum":"1","pageSize":"10","total":"10"}
[2023-03-31T16:48:08.996] [INFO] info - post params:{}
[2023-03-31T16:49:21.129] [INFO] info - ****数据库连接成功****
[2023-03-31T16:50:39.629] [INFO] info - ****数据库连接成功****
[2023-03-31T16:50:44.271] [INFO] info - get params:{}
[2023-03-31T16:50:44.271] [INFO] info - post params:{"userName":"admin","userPwd":"admin"}
[2023-03-31T16:50:48.302] [INFO] info - get params:{"state":"0","pageNum":"1","pageSize":"10","total":"10"}
[2023-03-31T16:50:48.303] [INFO] info - post params:{}
[2023-03-31T16:51:12.887] [INFO] info - get params:{}
[2023-03-31T16:51:12.887] [INFO] info - post params:{"userName":"admin","userPwd":"admin"}
[2023-03-31T16:52:57.933] [INFO] info - get params:{"state":"0","pageNum":"1","pageSize":"10","total":"10"}
[2023-03-31T16:52:57.934] [INFO] info - post params:{}
[2023-03-31T16:53:39.132] [INFO] info - ****数据库连接成功****
[2023-03-31T16:53:41.272] [INFO] info - ****数据库连接成功****
[2023-03-31T16:53:44.067] [INFO] info - ****数据库连接成功****
[2023-03-31T16:53:46.683] [INFO] info - ****数据库连接成功****
[2023-03-31T16:53:51.506] [INFO] info - get params:{}
[2023-03-31T16:53:51.507] [INFO] info - post params:{"userName":"admin","userPwd":"admin"}
[2023-03-31T16:53:53.913] [INFO] info - get params:{"state":"0","pageNum":"1","pageSize":"10","total":"10"}
[2023-03-31T16:53:53.914] [INFO] info - post params:{}
[2023-03-31T16:55:28.685] [INFO] info - get params:{}
[2023-03-31T16:55:28.685] [INFO] info - post params:{"userName":"admin","userPwd":"admin"}
[2023-03-31T16:58:39.023] [INFO] info - get params:{"state":"0","pageNum":"1","pageSize":"10","total":"10"}
[2023-03-31T16:58:39.024] [INFO] info - post params:{}
[2023-03-31T17:02:22.209] [INFO] info - get params:{}
[2023-03-31T17:02:22.210] [INFO] info - post params:{"userName":"admin","userPwd":"admin"}
[2023-03-31T17:02:46.193] [INFO] info - get params:{}
[2023-03-31T17:02:46.194] [INFO] info - post params:{"userName":"admin","userPwd":"admin"}
[2023-03-31T17:03:15.782] [INFO] info - get params:{"state":"0","pageNum":"1","pageSize":"10","total":"10"}
[2023-03-31T17:03:15.783] [INFO] info - post params:{}
[2023-03-31T17:15:15.604] [INFO] info - get params:{"state":"0","pageNum":"1","pageSize":"10","total":"10"}
[2023-03-31T17:15:15.605] [INFO] info - post params:{}
[2023-03-31T17:15:25.623] [INFO] info - get params:{"state":"0","pageNum":"1","pageSize":"10","total":"10"}
[2023-03-31T17:15:25.624] [INFO] info - post params:{}
[2023-03-31T17:18:02.810] [INFO] info - get params:{"state":"0","pageNum":"1","pageSize":"10","total":"10"}
[2023-03-31T17:18:02.812] [INFO] info - post params:{}
[2023-03-31T17:18:28.059] [INFO] info - get params:{"state":"0","pageNum":"1","pageSize":"10","total":"10"}
[2023-03-31T17:18:28.060] [INFO] info - post params:{}
[2023-03-31T17:19:01.067] [INFO] info - get params:{"state":"0","pageNum":"1","pageSize":"10","total":"10"}
[2023-03-31T17:19:01.068] [INFO] info - post params:{}
[2023-03-31T17:20:22.107] [INFO] info - get params:{"state":"0","pageNum":"1","pageSize":"10","total":"10"}
[2023-03-31T17:20:22.108] [INFO] info - post params:{}
[2023-03-31T17:21:35.345] [INFO] info - get params:{"state":"0","pageNum":"1","pageSize":"10","total":"10"}
[2023-03-31T17:21:35.346] [INFO] info - post params:{}
